2023-09-08 10:39:08.742  INFO 26188 --- [main] c.r.SpringBootRestServiceApplication     : Starting SpringBootRestServiceApplication using Java 17.0.5 on nlleq0413000911 with PID 26188 (C:\Users\okhatavk\Desktop\microservices projects\Code Projects\SpringBootRestService\target\classes started by okhatavk in C:\Users\okhatavk\Desktop\microservices projects\Code Projects\SpringBootRestService)
2023-09-08 10:39:08.753  INFO 26188 --- [main] c.r.SpringBootRestServiceApplication     : No active profile set, falling back to default profiles: default
2023-09-08 10:39:09.485  INFO 26188 --- [main] .s.d.r.c.RepositoryConfigurationDelegate : Bootstrapping Spring Data JPA repositories in DEFAULT mode.
2023-09-08 10:39:09.555  INFO 26188 --- [main] .s.d.r.c.RepositoryConfigurationDelegate : Finished Spring Data repository scanning in 57 ms. Found 1 JPA repository interfaces.
2023-09-08 10:39:10.036  INFO 26188 --- [main] o.s.b.w.embedded.tomcat.TomcatWebServer  : Tomcat initialized with port(s): 8080 (http)
2023-09-08 10:39:10.050  INFO 26188 --- [main] o.apache.catalina.core.StandardService   : Starting service [Tomcat]
2023-09-08 10:39:10.051  INFO 26188 --- [main] org.apache.catalina.core.StandardEngine  : Starting Servlet engine: [Apache Tomcat/9.0.48]
2023-09-08 10:39:10.195  INFO 26188 --- [main] o.a.c.c.C.[Tomcat].[localhost].[/]       : Initializing Spring embedded WebApplicationContext
2023-09-08 10:39:10.195  INFO 26188 --- [main] w.s.c.ServletWebServerApplicationContext : Root WebApplicationContext: initialization completed in 1363 ms
2023-09-08 10:39:10.290  INFO 26188 --- [main] com.zaxxer.hikari.HikariDataSource       : HikariPool-1 - Starting...
2023-09-08 10:39:10.296  WARN 26188 --- [main] com.zaxxer.hikari.util.DriverDataSource  : Registered driver with driverClassName=com.mysql.jdbc.Driver was not found, trying direct instantiation.
2023-09-08 10:39:10.611  INFO 26188 --- [main] com.zaxxer.hikari.HikariDataSource       : HikariPool-1 - Start completed.
2023-09-08 10:39:10.713  INFO 26188 --- [main] o.hibernate.jpa.internal.util.LogHelper  : HHH000204: Processing PersistenceUnitInfo [name: default]
2023-09-08 10:39:10.801  INFO 26188 --- [main] org.hibernate.Version                    : HHH000412: Hibernate ORM core version 5.4.32.Final
2023-09-08 10:39:10.951  INFO 26188 --- [main] o.hibernate.annotations.common.Version   : HCANN000001: Hibernate Commons Annotations {5.1.2.Final}
2023-09-08 10:39:11.067  INFO 26188 --- [main] org.hibernate.dialect.Dialect            : HHH000400: Using dialect: org.hibernate.dialect.MySQL5InnoDBDialect
2023-09-08 10:39:11.574  INFO 26188 --- [main] o.h.e.t.j.p.i.JtaPlatformInitiator       : HHH000490: Using JtaPlatform implementation: [org.hibernate.engine.transaction.jta.platform.internal.NoJtaPlatform]
2023-09-08 10:39:11.584  INFO 26188 --- [main] j.LocalContainerEntityManagerFactoryBean : Initialized JPA EntityManagerFactory for persistence unit 'default'
2023-09-08 10:39:11.815  WARN 26188 --- [main] JpaBaseConfiguration$JpaWebConfiguration : spring.jpa.open-in-view is enabled by default. Therefore, database queries may be performed during view rendering. Explicitly configure spring.jpa.open-in-view to disable this warning
2023-09-08 10:39:12.162  INFO 26188 --- [main] o.s.b.w.embedded.tomcat.TomcatWebServer  : Tomcat started on port(s): 8080 (http) with context path ''
2023-09-08 10:39:12.171  INFO 26188 --- [main] c.r.SpringBootRestServiceApplication     : Started SpringBootRestServiceApplication in 3.994 seconds (JVM running for 5.659)
2023-09-08 10:39:22.416  INFO 26188 --- [http-nio-8080-exec-1] o.a.c.c.C.[Tomcat].[localhost].[/]       : Initializing Spring DispatcherServlet 'dispatcherServlet'
2023-09-08 10:39:22.416  INFO 26188 --- [http-nio-8080-exec-1] o.s.web.servlet.DispatcherServlet        : Initializing Servlet 'dispatcherServlet'
2023-09-08 10:39:22.416  INFO 26188 --- [http-nio-8080-exec-1] o.s.web.servlet.DispatcherServlet        : Completed initialization in 0 ms
2023-09-08 11:31:24.925  WARN 6536 --- [main] ory$DuplicateJsonObjectContextCustomizer : 

Found multiple occurrences of org.json.JSONObject on the class path:

	jar:file:/C:/Users/okhatavk/.m2/repository/com/vaadin/external/google/android-json/0.0.20131108.vaadin1/android-json-0.0.20131108.vaadin1.jar!/org/json/JSONObject.class
	jar:file:/C:/Users/okhatavk/.m2/repository/org/json/json/20220924/json-20220924.jar!/org/json/JSONObject.class

You may wish to exclude one of them to ensure predictable runtime behavior

2023-09-08 11:31:24.943  INFO 6536 --- [main] c.rahulshettyacademy.PactConsumerTest1   : Starting PactConsumerTest1 using Java 17.0.5 on nlleq0413000911 with PID 6536 (started by okhatavk in C:\Users\okhatavk\Desktop\microservices projects\Code Projects\SpringBootRestService)
2023-09-08 11:31:24.946  INFO 6536 --- [main] c.rahulshettyacademy.PactConsumerTest1   : No active profile set, falling back to default profiles: default
2023-09-08 11:31:25.553  INFO 6536 --- [main] .s.d.r.c.RepositoryConfigurationDelegate : Bootstrapping Spring Data JPA repositories in DEFAULT mode.
2023-09-08 11:31:25.614  INFO 6536 --- [main] .s.d.r.c.RepositoryConfigurationDelegate : Finished Spring Data repository scanning in 51 ms. Found 1 JPA repository interfaces.
2023-09-08 11:31:26.074  INFO 6536 --- [main] com.zaxxer.hikari.HikariDataSource       : HikariPool-1 - Starting...
2023-09-08 11:31:26.085  WARN 6536 --- [main] com.zaxxer.hikari.util.DriverDataSource  : Registered driver with driverClassName=com.mysql.jdbc.Driver was not found, trying direct instantiation.
2023-09-08 11:31:26.451  INFO 6536 --- [main] com.zaxxer.hikari.HikariDataSource       : HikariPool-1 - Start completed.
2023-09-08 11:31:26.632  INFO 6536 --- [main] o.hibernate.jpa.internal.util.LogHelper  : HHH000204: Processing PersistenceUnitInfo [name: default]
2023-09-08 11:31:26.709  INFO 6536 --- [main] org.hibernate.Version                    : HHH000412: Hibernate ORM core version 5.4.32.Final
2023-09-08 11:31:26.851  INFO 6536 --- [main] o.hibernate.annotations.common.Version   : HCANN000001: Hibernate Commons Annotations {5.1.2.Final}
2023-09-08 11:31:26.981  INFO 6536 --- [main] org.hibernate.dialect.Dialect            : HHH000400: Using dialect: org.hibernate.dialect.MySQL5InnoDBDialect
2023-09-08 11:31:27.541  INFO 6536 --- [main] o.h.e.t.j.p.i.JtaPlatformInitiator       : HHH000490: Using JtaPlatform implementation: [org.hibernate.engine.transaction.jta.platform.internal.NoJtaPlatform]
2023-09-08 11:31:27.551  INFO 6536 --- [main] j.LocalContainerEntityManagerFactoryBean : Initialized JPA EntityManagerFactory for persistence unit 'default'
2023-09-08 11:31:28.111  WARN 6536 --- [main] JpaBaseConfiguration$JpaWebConfiguration : spring.jpa.open-in-view is enabled by default. Therefore, database queries may be performed during view rendering. Explicitly configure spring.jpa.open-in-view to disable this warning
2023-09-08 11:31:28.839  INFO 6536 --- [main] c.rahulshettyacademy.PactConsumerTest1   : Started PactConsumerTest1 in 4.188 seconds (JVM running for 5.509)
2023-09-08 11:31:29.687  WARN 6536 --- [Thread-2] au.com.dius.pact.core.support.Metrics    : 
            Please note: we are tracking events anonymously to gather important usage statistics like JVM version
            and operating system. To disable tracking, set the 'pact_do_not_track' system property or environment
            variable to 'true'.
            
2023-09-08 11:31:30.210  INFO 6536 --- [main] a.c.d.p.c.junit5.PactConsumerTestExt     : Writing pacts out to default directory
2023-09-08 11:31:30.690  INFO 6536 --- [SpringApplicationShutdownHook] j.LocalContainerEntityManagerFactoryBean : Closing JPA EntityManagerFactory for persistence unit 'default'
2023-09-08 11:31:30.693  INFO 6536 --- [SpringApplicationShutdownHook] com.zaxxer.hikari.HikariDataSource       : HikariPool-1 - Shutdown initiated...
2023-09-08 11:31:30.705  INFO 6536 --- [SpringApplicationShutdownHook] com.zaxxer.hikari.HikariDataSource       : HikariPool-1 - Shutdown completed.
2023-09-08 11:32:00.726  WARN 20828 --- [main] ory$DuplicateJsonObjectContextCustomizer : 

Found multiple occurrences of org.json.JSONObject on the class path:

	jar:file:/C:/Users/okhatavk/.m2/repository/com/vaadin/external/google/android-json/0.0.20131108.vaadin1/android-json-0.0.20131108.vaadin1.jar!/org/json/JSONObject.class
	jar:file:/C:/Users/okhatavk/.m2/repository/org/json/json/20220924/json-20220924.jar!/org/json/JSONObject.class

You may wish to exclude one of them to ensure predictable runtime behavior

2023-09-08 11:32:00.745  INFO 20828 --- [main] c.rahulshettyacademy.PactConsumerTest1   : Starting PactConsumerTest1 using Java 17.0.5 on nlleq0413000911 with PID 20828 (started by okhatavk in C:\Users\okhatavk\Desktop\microservices projects\Code Projects\SpringBootRestService)
2023-09-08 11:32:00.749  INFO 20828 --- [main] c.rahulshettyacademy.PactConsumerTest1   : No active profile set, falling back to default profiles: default
2023-09-08 11:32:01.366  INFO 20828 --- [main] .s.d.r.c.RepositoryConfigurationDelegate : Bootstrapping Spring Data JPA repositories in DEFAULT mode.
2023-09-08 11:32:01.430  INFO 20828 --- [main] .s.d.r.c.RepositoryConfigurationDelegate : Finished Spring Data repository scanning in 53 ms. Found 1 JPA repository interfaces.
2023-09-08 11:32:01.888  INFO 20828 --- [main] com.zaxxer.hikari.HikariDataSource       : HikariPool-1 - Starting...
2023-09-08 11:32:01.898  WARN 20828 --- [main] com.zaxxer.hikari.util.DriverDataSource  : Registered driver with driverClassName=com.mysql.jdbc.Driver was not found, trying direct instantiation.
2023-09-08 11:32:02.290  INFO 20828 --- [main] com.zaxxer.hikari.HikariDataSource       : HikariPool-1 - Start completed.
2023-09-08 11:32:02.465  INFO 20828 --- [main] o.hibernate.jpa.internal.util.LogHelper  : HHH000204: Processing PersistenceUnitInfo [name: default]
2023-09-08 11:32:02.553  INFO 20828 --- [main] org.hibernate.Version                    : HHH000412: Hibernate ORM core version 5.4.32.Final
2023-09-08 11:32:02.740  INFO 20828 --- [main] o.hibernate.annotations.common.Version   : HCANN000001: Hibernate Commons Annotations {5.1.2.Final}
2023-09-08 11:32:02.889  INFO 20828 --- [main] org.hibernate.dialect.Dialect            : HHH000400: Using dialect: org.hibernate.dialect.MySQL5InnoDBDialect
2023-09-08 11:32:03.478  INFO 20828 --- [main] o.h.e.t.j.p.i.JtaPlatformInitiator       : HHH000490: Using JtaPlatform implementation: [org.hibernate.engine.transaction.jta.platform.internal.NoJtaPlatform]
2023-09-08 11:32:03.486  INFO 20828 --- [main] j.LocalContainerEntityManagerFactoryBean : Initialized JPA EntityManagerFactory for persistence unit 'default'
2023-09-08 11:32:04.039  WARN 20828 --- [main] JpaBaseConfiguration$JpaWebConfiguration : spring.jpa.open-in-view is enabled by default. Therefore, database queries may be performed during view rendering. Explicitly configure spring.jpa.open-in-view to disable this warning
2023-09-08 11:32:04.717  INFO 20828 --- [main] c.rahulshettyacademy.PactConsumerTest1   : Started PactConsumerTest1 in 4.273 seconds (JVM running for 5.569)
2023-09-08 11:32:05.567  WARN 20828 --- [Thread-2] au.com.dius.pact.core.support.Metrics    : 
            Please note: we are tracking events anonymously to gather important usage statistics like JVM version
            and operating system. To disable tracking, set the 'pact_do_not_track' system property or environment
            variable to 'true'.
            
2023-09-08 11:32:06.131  INFO 20828 --- [main] a.c.d.p.c.junit5.PactConsumerTestExt     : Writing pacts out to default directory
2023-09-08 11:32:06.487  INFO 20828 --- [SpringApplicationShutdownHook] j.LocalContainerEntityManagerFactoryBean : Closing JPA EntityManagerFactory for persistence unit 'default'
2023-09-08 11:32:06.490  INFO 20828 --- [SpringApplicationShutdownHook] com.zaxxer.hikari.HikariDataSource       : HikariPool-1 - Shutdown initiated...
2023-09-08 11:32:06.502  INFO 20828 --- [SpringApplicationShutdownHook] com.zaxxer.hikari.HikariDataSource       : HikariPool-1 - Shutdown completed.
2023-09-08 11:33:13.202  WARN 21020 --- [main] ory$DuplicateJsonObjectContextCustomizer : 

Found multiple occurrences of org.json.JSONObject on the class path:

	jar:file:/C:/Users/okhatavk/.m2/repository/com/vaadin/external/google/android-json/0.0.20131108.vaadin1/android-json-0.0.20131108.vaadin1.jar!/org/json/JSONObject.class
	jar:file:/C:/Users/okhatavk/.m2/repository/org/json/json/20220924/json-20220924.jar!/org/json/JSONObject.class

You may wish to exclude one of them to ensure predictable runtime behavior

2023-09-08 11:33:13.227  INFO 21020 --- [main] c.rahulshettyacademy.PactConsumerTest1   : Starting PactConsumerTest1 using Java 17.0.5 on nlleq0413000911 with PID 21020 (started by okhatavk in C:\Users\okhatavk\Desktop\microservices projects\Code Projects\SpringBootRestService)
2023-09-08 11:33:13.231  INFO 21020 --- [main] c.rahulshettyacademy.PactConsumerTest1   : No active profile set, falling back to default profiles: default
2023-09-08 11:33:14.058  INFO 21020 --- [main] .s.d.r.c.RepositoryConfigurationDelegate : Bootstrapping Spring Data JPA repositories in DEFAULT mode.
2023-09-08 11:33:14.148  INFO 21020 --- [main] .s.d.r.c.RepositoryConfigurationDelegate : Finished Spring Data repository scanning in 75 ms. Found 1 JPA repository interfaces.
2023-09-08 11:33:14.710  INFO 21020 --- [main] com.zaxxer.hikari.HikariDataSource       : HikariPool-1 - Starting...
2023-09-08 11:33:14.722  WARN 21020 --- [main] com.zaxxer.hikari.util.DriverDataSource  : Registered driver with driverClassName=com.mysql.jdbc.Driver was not found, trying direct instantiation.
2023-09-08 11:33:15.136  INFO 21020 --- [main] com.zaxxer.hikari.HikariDataSource       : HikariPool-1 - Start completed.
2023-09-08 11:33:15.340  INFO 21020 --- [main] o.hibernate.jpa.internal.util.LogHelper  : HHH000204: Processing PersistenceUnitInfo [name: default]
2023-09-08 11:33:15.442  INFO 21020 --- [main] org.hibernate.Version                    : HHH000412: Hibernate ORM core version 5.4.32.Final
2023-09-08 11:33:15.569  INFO 21020 --- [main] o.hibernate.annotations.common.Version   : HCANN000001: Hibernate Commons Annotations {5.1.2.Final}
2023-09-08 11:33:15.707  INFO 21020 --- [main] org.hibernate.dialect.Dialect            : HHH000400: Using dialect: org.hibernate.dialect.MySQL5InnoDBDialect
2023-09-08 11:33:16.294  INFO 21020 --- [main] o.h.e.t.j.p.i.JtaPlatformInitiator       : HHH000490: Using JtaPlatform implementation: [org.hibernate.engine.transaction.jta.platform.internal.NoJtaPlatform]
2023-09-08 11:33:16.305  INFO 21020 --- [main] j.LocalContainerEntityManagerFactoryBean : Initialized JPA EntityManagerFactory for persistence unit 'default'
2023-09-08 11:33:16.848  WARN 21020 --- [main] JpaBaseConfiguration$JpaWebConfiguration : spring.jpa.open-in-view is enabled by default. Therefore, database queries may be performed during view rendering. Explicitly configure spring.jpa.open-in-view to disable this warning
2023-09-08 11:33:17.609  INFO 21020 --- [main] c.rahulshettyacademy.PactConsumerTest1   : Started PactConsumerTest1 in 4.777 seconds (JVM running for 6.09)
2023-09-08 11:33:18.386  WARN 21020 --- [Thread-2] au.com.dius.pact.core.support.Metrics    : 
            Please note: we are tracking events anonymously to gather important usage statistics like JVM version
            and operating system. To disable tracking, set the 'pact_do_not_track' system property or environment
            variable to 'true'.
            
2023-09-08 11:33:18.929  INFO 21020 --- [main] a.c.d.p.c.junit5.PactConsumerTestExt     : Writing pacts out to default directory
2023-09-08 11:33:19.271  INFO 21020 --- [SpringApplicationShutdownHook] j.LocalContainerEntityManagerFactoryBean : Closing JPA EntityManagerFactory for persistence unit 'default'
2023-09-08 11:33:19.275  INFO 21020 --- [SpringApplicationShutdownHook] com.zaxxer.hikari.HikariDataSource       : HikariPool-1 - Shutdown initiated...
2023-09-08 11:33:19.286  INFO 21020 --- [SpringApplicationShutdownHook] com.zaxxer.hikari.HikariDataSource       : HikariPool-1 - Shutdown completed.
2023-09-08 12:12:02.700  WARN 26188 --- [HikariPool-1 housekeeper] com.zaxxer.hikari.pool.HikariPool        : HikariPool-1 - Thread starvation or clock leap detected (housekeeper delta=33m20s71ms249µs300ns).
2023-09-08 13:28:21.647  WARN 2904 --- [main] ory$DuplicateJsonObjectContextCustomizer : 

Found multiple occurrences of org.json.JSONObject on the class path:

	jar:file:/C:/Users/okhatavk/.m2/repository/com/vaadin/external/google/android-json/0.0.20131108.vaadin1/android-json-0.0.20131108.vaadin1.jar!/org/json/JSONObject.class
	jar:file:/C:/Users/okhatavk/.m2/repository/org/json/json/20220924/json-20220924.jar!/org/json/JSONObject.class

You may wish to exclude one of them to ensure predictable runtime behavior

2023-09-08 13:28:21.667  INFO 2904 --- [main] c.rahulshettyacademy.PactConsumerTest1   : Starting PactConsumerTest1 using Java 17.0.5 on nlleq0413000911 with PID 2904 (started by okhatavk in C:\Users\okhatavk\Desktop\microservices projects\Code Projects\SpringBootRestService)
2023-09-08 13:28:21.670  INFO 2904 --- [main] c.rahulshettyacademy.PactConsumerTest1   : No active profile set, falling back to default profiles: default
2023-09-08 13:28:22.276  INFO 2904 --- [main] .s.d.r.c.RepositoryConfigurationDelegate : Bootstrapping Spring Data JPA repositories in DEFAULT mode.
2023-09-08 13:28:22.351  INFO 2904 --- [main] .s.d.r.c.RepositoryConfigurationDelegate : Finished Spring Data repository scanning in 62 ms. Found 1 JPA repository interfaces.
2023-09-08 13:28:22.775  INFO 2904 --- [main] com.zaxxer.hikari.HikariDataSource       : HikariPool-1 - Starting...
2023-09-08 13:28:22.785  WARN 2904 --- [main] com.zaxxer.hikari.util.DriverDataSource  : Registered driver with driverClassName=com.mysql.jdbc.Driver was not found, trying direct instantiation.
2023-09-08 13:28:23.189  INFO 2904 --- [main] com.zaxxer.hikari.HikariDataSource       : HikariPool-1 - Start completed.
2023-09-08 13:28:23.391  INFO 2904 --- [main] o.hibernate.jpa.internal.util.LogHelper  : HHH000204: Processing PersistenceUnitInfo [name: default]
2023-09-08 13:28:23.472  INFO 2904 --- [main] org.hibernate.Version                    : HHH000412: Hibernate ORM core version 5.4.32.Final
2023-09-08 13:28:23.596  INFO 2904 --- [main] o.hibernate.annotations.common.Version   : HCANN000001: Hibernate Commons Annotations {5.1.2.Final}
2023-09-08 13:28:23.742  INFO 2904 --- [main] org.hibernate.dialect.Dialect            : HHH000400: Using dialect: org.hibernate.dialect.MySQL5InnoDBDialect
2023-09-08 13:28:24.330  INFO 2904 --- [main] o.h.e.t.j.p.i.JtaPlatformInitiator       : HHH000490: Using JtaPlatform implementation: [org.hibernate.engine.transaction.jta.platform.internal.NoJtaPlatform]
2023-09-08 13:28:24.341  INFO 2904 --- [main] j.LocalContainerEntityManagerFactoryBean : Initialized JPA EntityManagerFactory for persistence unit 'default'
2023-09-08 13:28:24.937  WARN 2904 --- [main] JpaBaseConfiguration$JpaWebConfiguration : spring.jpa.open-in-view is enabled by default. Therefore, database queries may be performed during view rendering. Explicitly configure spring.jpa.open-in-view to disable this warning
2023-09-08 13:28:25.619  INFO 2904 --- [main] c.rahulshettyacademy.PactConsumerTest1   : Started PactConsumerTest1 in 4.269 seconds (JVM running for 5.579)
2023-09-08 13:28:26.401  WARN 2904 --- [Thread-2] au.com.dius.pact.core.support.Metrics    : 
            Please note: we are tracking events anonymously to gather important usage statistics like JVM version
            and operating system. To disable tracking, set the 'pact_do_not_track' system property or environment
            variable to 'true'.
            
2023-09-08 13:28:26.983  INFO 2904 --- [main] a.c.d.p.c.junit5.PactConsumerTestExt     : Writing pacts out to default directory
2023-09-08 13:28:27.341  INFO 2904 --- [SpringApplicationShutdownHook] j.LocalContainerEntityManagerFactoryBean : Closing JPA EntityManagerFactory for persistence unit 'default'
2023-09-08 13:28:27.344  INFO 2904 --- [SpringApplicationShutdownHook] com.zaxxer.hikari.HikariDataSource       : HikariPool-1 - Shutdown initiated...
2023-09-08 13:28:27.354  INFO 2904 --- [SpringApplicationShutdownHook] com.zaxxer.hikari.HikariDataSource       : HikariPool-1 - Shutdown completed.
2023-09-08 14:15:23.007  WARN 26576 --- [main] ory$DuplicateJsonObjectContextCustomizer : 

Found multiple occurrences of org.json.JSONObject on the class path:

	jar:file:/C:/Users/okhatavk/.m2/repository/com/vaadin/external/google/android-json/0.0.20131108.vaadin1/android-json-0.0.20131108.vaadin1.jar!/org/json/JSONObject.class
	jar:file:/C:/Users/okhatavk/.m2/repository/org/json/json/20220924/json-20220924.jar!/org/json/JSONObject.class

You may wish to exclude one of them to ensure predictable runtime behavior

2023-09-08 14:15:23.026  INFO 26576 --- [main] c.rahulshettyacademy.PactConsumerTest1   : Starting PactConsumerTest1 using Java 17.0.5 on nlleq0413000911 with PID 26576 (started by okhatavk in C:\Users\okhatavk\Desktop\microservices projects\Code Projects\SpringBootRestService)
2023-09-08 14:15:23.029  INFO 26576 --- [main] c.rahulshettyacademy.PactConsumerTest1   : No active profile set, falling back to default profiles: default
2023-09-08 14:15:23.633  INFO 26576 --- [main] .s.d.r.c.RepositoryConfigurationDelegate : Bootstrapping Spring Data JPA repositories in DEFAULT mode.
2023-09-08 14:15:23.696  INFO 26576 --- [main] .s.d.r.c.RepositoryConfigurationDelegate : Finished Spring Data repository scanning in 53 ms. Found 1 JPA repository interfaces.
2023-09-08 14:15:24.154  INFO 26576 --- [main] com.zaxxer.hikari.HikariDataSource       : HikariPool-1 - Starting...
2023-09-08 14:15:24.164  WARN 26576 --- [main] com.zaxxer.hikari.util.DriverDataSource  : Registered driver with driverClassName=com.mysql.jdbc.Driver was not found, trying direct instantiation.
2023-09-08 14:15:24.570  INFO 26576 --- [main] com.zaxxer.hikari.HikariDataSource       : HikariPool-1 - Start completed.
2023-09-08 14:15:24.808  INFO 26576 --- [main] o.hibernate.jpa.internal.util.LogHelper  : HHH000204: Processing PersistenceUnitInfo [name: default]
2023-09-08 14:15:24.896  INFO 26576 --- [main] org.hibernate.Version                    : HHH000412: Hibernate ORM core version 5.4.32.Final
2023-09-08 14:15:25.100  INFO 26576 --- [main] o.hibernate.annotations.common.Version   : HCANN000001: Hibernate Commons Annotations {5.1.2.Final}
2023-09-08 14:15:25.310  INFO 26576 --- [main] org.hibernate.dialect.Dialect            : HHH000400: Using dialect: org.hibernate.dialect.MySQL5InnoDBDialect
2023-09-08 14:15:26.254  INFO 26576 --- [main] o.h.e.t.j.p.i.JtaPlatformInitiator       : HHH000490: Using JtaPlatform implementation: [org.hibernate.engine.transaction.jta.platform.internal.NoJtaPlatform]
2023-09-08 14:15:26.269  INFO 26576 --- [main] j.LocalContainerEntityManagerFactoryBean : Initialized JPA EntityManagerFactory for persistence unit 'default'
2023-09-08 14:15:27.112  WARN 26576 --- [main] JpaBaseConfiguration$JpaWebConfiguration : spring.jpa.open-in-view is enabled by default. Therefore, database queries may be performed during view rendering. Explicitly configure spring.jpa.open-in-view to disable this warning
2023-09-08 14:15:27.832  INFO 26576 --- [main] c.rahulshettyacademy.PactConsumerTest1   : Started PactConsumerTest1 in 5.108 seconds (JVM running for 6.435)
2023-09-08 14:15:28.625  WARN 26576 --- [Thread-2] au.com.dius.pact.core.support.Metrics    : 
            Please note: we are tracking events anonymously to gather important usage statistics like JVM version
            and operating system. To disable tracking, set the 'pact_do_not_track' system property or environment
            variable to 'true'.
            
2023-09-08 14:15:29.206  INFO 26576 --- [main] a.c.d.p.c.junit5.PactConsumerTestExt     : Writing pacts out to default directory
2023-09-08 14:15:29.524  INFO 26576 --- [SpringApplicationShutdownHook] j.LocalContainerEntityManagerFactoryBean : Closing JPA EntityManagerFactory for persistence unit 'default'
2023-09-08 14:15:29.528  INFO 26576 --- [SpringApplicationShutdownHook] com.zaxxer.hikari.HikariDataSource       : HikariPool-1 - Shutdown initiated...
2023-09-08 14:15:29.539  INFO 26576 --- [SpringApplicationShutdownHook] com.zaxxer.hikari.HikariDataSource       : HikariPool-1 - Shutdown completed.
2023-09-08 14:17:35.917  WARN 812 --- [main] ory$DuplicateJsonObjectContextCustomizer : 

Found multiple occurrences of org.json.JSONObject on the class path:

	jar:file:/C:/Users/okhatavk/.m2/repository/com/vaadin/external/google/android-json/0.0.20131108.vaadin1/android-json-0.0.20131108.vaadin1.jar!/org/json/JSONObject.class
	jar:file:/C:/Users/okhatavk/.m2/repository/org/json/json/20220924/json-20220924.jar!/org/json/JSONObject.class

You may wish to exclude one of them to ensure predictable runtime behavior

2023-09-08 14:17:35.936  INFO 812 --- [main] c.rahulshettyacademy.PactConsumerTest1   : Starting PactConsumerTest1 using Java 17.0.5 on nlleq0413000911 with PID 812 (started by okhatavk in C:\Users\okhatavk\Desktop\microservices projects\Code Projects\SpringBootRestService)
2023-09-08 14:17:35.940  INFO 812 --- [main] c.rahulshettyacademy.PactConsumerTest1   : No active profile set, falling back to default profiles: default
2023-09-08 14:17:36.619  INFO 812 --- [main] .s.d.r.c.RepositoryConfigurationDelegate : Bootstrapping Spring Data JPA repositories in DEFAULT mode.
2023-09-08 14:17:36.697  INFO 812 --- [main] .s.d.r.c.RepositoryConfigurationDelegate : Finished Spring Data repository scanning in 65 ms. Found 1 JPA repository interfaces.
2023-09-08 14:17:37.189  INFO 812 --- [main] com.zaxxer.hikari.HikariDataSource       : HikariPool-1 - Starting...
2023-09-08 14:17:37.202  WARN 812 --- [main] com.zaxxer.hikari.util.DriverDataSource  : Registered driver with driverClassName=com.mysql.jdbc.Driver was not found, trying direct instantiation.
2023-09-08 14:17:37.644  INFO 812 --- [main] com.zaxxer.hikari.HikariDataSource       : HikariPool-1 - Start completed.
2023-09-08 14:17:37.851  INFO 812 --- [main] o.hibernate.jpa.internal.util.LogHelper  : HHH000204: Processing PersistenceUnitInfo [name: default]
2023-09-08 14:17:37.937  INFO 812 --- [main] org.hibernate.Version                    : HHH000412: Hibernate ORM core version 5.4.32.Final
2023-09-08 14:17:38.086  INFO 812 --- [main] o.hibernate.annotations.common.Version   : HCANN000001: Hibernate Commons Annotations {5.1.2.Final}
2023-09-08 14:17:38.234  INFO 812 --- [main] org.hibernate.dialect.Dialect            : HHH000400: Using dialect: org.hibernate.dialect.MySQL5InnoDBDialect
2023-09-08 14:17:38.930  INFO 812 --- [main] o.h.e.t.j.p.i.JtaPlatformInitiator       : HHH000490: Using JtaPlatform implementation: [org.hibernate.engine.transaction.jta.platform.internal.NoJtaPlatform]
2023-09-08 14:17:38.953  INFO 812 --- [main] j.LocalContainerEntityManagerFactoryBean : Initialized JPA EntityManagerFactory for persistence unit 'default'
2023-09-08 14:17:39.666  WARN 812 --- [main] JpaBaseConfiguration$JpaWebConfiguration : spring.jpa.open-in-view is enabled by default. Therefore, database queries may be performed during view rendering. Explicitly configure spring.jpa.open-in-view to disable this warning
2023-09-08 14:17:40.617  INFO 812 --- [main] c.rahulshettyacademy.PactConsumerTest1   : Started PactConsumerTest1 in 5.08 seconds (JVM running for 6.68)
2023-09-08 14:17:41.456  WARN 812 --- [Thread-2] au.com.dius.pact.core.support.Metrics    : 
            Please note: we are tracking events anonymously to gather important usage statistics like JVM version
            and operating system. To disable tracking, set the 'pact_do_not_track' system property or environment
            variable to 'true'.
            
2023-09-08 14:17:42.046  INFO 812 --- [main] a.c.d.p.c.junit5.PactConsumerTestExt     : Writing pacts out to default directory
2023-09-08 14:17:42.447  INFO 812 --- [SpringApplicationShutdownHook] j.LocalContainerEntityManagerFactoryBean : Closing JPA EntityManagerFactory for persistence unit 'default'
2023-09-08 14:17:42.453  INFO 812 --- [SpringApplicationShutdownHook] com.zaxxer.hikari.HikariDataSource       : HikariPool-1 - Shutdown initiated...
2023-09-08 14:17:42.469  INFO 812 --- [SpringApplicationShutdownHook] com.zaxxer.hikari.HikariDataSource       : HikariPool-1 - Shutdown completed.
2023-09-08 15:00:53.590  WARN 26188 --- [HikariPool-1 housekeeper] com.zaxxer.hikari.pool.HikariPool        : HikariPool-1 - Thread starvation or clock leap detected (housekeeper delta=24m18s761ms512µs700ns).
